0 info it worked if it ends with ok
1 verbose cli [ 'c:\\Program Files\\iojs\\node.exe',
1 verbose cli   'c:\\Program Files\\iojs\\node_modules\\npm\\bin\\npm-cli.js',
1 verbose cli   'install' ]
2 info using npm@2.6.1
3 info using node@v1.4.2
4 error install Couldn't read dependencies
5 verbose stack Error: ENOENT: no such file or directory, open 'c:\xampp\htdocs\liderman_web\package.json'
5 verbose stack     at Error (native)
6 verbose cwd c:\xampp\htdocs\liderman_web
7 error Windows_NT 6.1.7601
8 error argv "c:\\Program Files\\iojs\\node.exe" "c:\\Program Files\\iojs\\node_modules\\npm\\bin\\npm-cli.js" "install"
9 error node v1.4.2
10 error npm  v2.6.1
11 error path c:\xampp\htdocs\liderman_web\package.json
12 error code ENOPACKAGEJSON
13 error errno -4058
14 error syscall open
15 error package.json ENOENT: no such file or directory, open 'c:\xampp\htdocs\liderman_web\package.json'
15 error package.json This is most likely not a problem with npm itself.
15 error package.json npm can't find a package.json file in your current directory.
16 verbose exit [ -4058, true ]
